2018-12-25 10:06:34.460 -  INFO -     0[           main]   Log : Logging initialized @952ms to org.eclipse.jetty.util.log.Slf4jLog
2018-12-25 10:06:35.005 -  INFO -   545[           main] Server : jetty-9.4.12.v20180830; built: 2018-08-30T13:59:14.071Z; git: 27208684755d94a92186989f695db2d7b21ebc51; jvm 1.8.0_111-b14
2018-12-25 10:06:35.699 -  INFO -  1239[           main] StandardDescriptorProcessor : NO JSP Support for /, did not find org.eclipse.jetty.jsp.JettyJspServlet
2018-12-25 10:06:35.716 -  INFO -  1256[           main] DefaultSessionIdManager : DefaultSessionIdManager workerName=node0
2018-12-25 10:06:35.717 -  INFO -  1257[           main] DefaultSessionIdManager : No SessionScavenger set, using defaults
2018-12-25 10:06:35.721 -  INFO -  1261[           main] HouseKeeper : node0 Scavenging every 600000ms
2018-12-25 10:06:35.835 -  INFO -  1375[           main] JFinalCusConfig : base upload path:【C:\Users\lenovo/nengli8_file/tmp/】
2018-12-25 10:06:35.839 -  INFO -  1379[           main] JFinalCusConfig : JFinal设置路由配置
2018-12-25 10:06:35.845 -  INFO -  1385[           main] JFinalCusConfig : JFinal设置拦截器
2018-12-25 10:06:36.128 -  INFO -  1668[           main] ContextHandler : Started o.e.j.w.WebAppContext@457c9034{/,file:///D:/repository/other/web-jfinal-product/web-jfinal-product/src/main/webapp/,AVAILABLE}
2018-12-25 10:06:36.159 -  INFO -  1699[           main] AbstractConnector : Started ServerConnector@26ceffa8{HTTP/1.1,[http/1.1]}{0.0.0.0:8080}
2018-12-25 10:06:36.160 -  INFO -  1700[           main] Server : Started @2658ms
2018-12-25 10:07:02.700 -  INFO - 28240[qtp422392391-18] TestInterceptor : controllerKey【/testController】
2018-12-25 10:07:02.701 -  INFO - 28241[qtp422392391-18] TestInterceptor : actionKey【/testController】
2018-12-25 10:07:02.701 -  INFO - 28241[qtp422392391-18] TestInterceptor : args【{}】
2018-12-25 10:07:02.702 -  INFO - 28242[qtp422392391-18] TestInterceptor : viewPath【/WEB-INF/test/】
2018-12-25 10:07:02.705 -  INFO - 28245[qtp422392391-18] TestInterceptor : returnValue【null】
2018-12-25 10:09:19.795 -  INFO -165335[qtp422392391-16] TestInterceptor : controllerKey【/testController】
2018-12-25 10:09:19.796 -  INFO -165336[qtp422392391-16] TestInterceptor : actionKey【/testController】
2018-12-25 10:09:19.797 -  INFO -165337[qtp422392391-16] TestInterceptor : args【{}】
2018-12-25 10:09:19.797 -  INFO -165337[qtp422392391-16] TestInterceptor : viewPath【/WEB-INF/test/】
2018-12-25 10:09:19.797 -  INFO -165337[qtp422392391-16] TestInterceptor : returnValue【null】
2018-12-25 10:10:26.729 -  INFO -232269[qtp422392391-17] TestInterceptor : controllerKey【/testController】
2018-12-25 10:10:26.731 -  INFO -232271[qtp422392391-17] TestInterceptor : actionKey【/testController】
2018-12-25 10:10:26.732 -  INFO -232272[qtp422392391-17] TestInterceptor : args【{}】
2018-12-25 10:10:26.732 -  INFO -232272[qtp422392391-17] TestInterceptor : viewPath【/WEB-INF/test/】
2018-12-25 10:10:26.732 -  INFO -232272[qtp422392391-17] TestInterceptor : returnValue【null】
2018-12-25 10:12:32.607 -  INFO -358147[qtp422392391-16] TestInterceptor : controllerKey【/testController】
2018-12-25 10:12:32.608 -  INFO -358148[qtp422392391-16] TestInterceptor : actionKey【/testController】
2018-12-25 10:12:32.609 -  INFO -358149[qtp422392391-16] TestInterceptor : args【{}】
2018-12-25 10:12:32.610 -  INFO -358150[qtp422392391-16] TestInterceptor : viewPath【/WEB-INF/test/】
2018-12-25 10:12:32.610 -  INFO -358150[qtp422392391-16] TestInterceptor : returnValue【null】
2018-12-25 10:14:26.833 -  INFO -472373[qtp422392391-17] TestInterceptor : controllerKey【/testController】
2018-12-25 10:14:26.834 -  INFO -472374[qtp422392391-17] TestInterceptor : actionKey【/testController】
2018-12-25 10:14:26.834 -  INFO -472374[qtp422392391-17] TestInterceptor : args【{}】
2018-12-25 10:14:26.835 -  INFO -472375[qtp422392391-17] TestInterceptor : viewPath【/WEB-INF/test/】
2018-12-25 10:14:26.835 -  INFO -472375[qtp422392391-17] TestInterceptor : returnValue【null】
2018-12-25 10:14:37.753 -  INFO -483293[qtp422392391-17] TestInterceptor : controllerKey【/testController】
2018-12-25 10:14:37.754 -  INFO -483294[qtp422392391-17] TestInterceptor : actionKey【/testController】
2018-12-25 10:14:37.754 -  INFO -483294[qtp422392391-17] TestInterceptor : args【{}】
2018-12-25 10:14:37.754 -  INFO -483294[qtp422392391-17] TestInterceptor : viewPath【/WEB-INF/test/】
2018-12-25 10:14:37.754 -  INFO -483294[qtp422392391-17] TestInterceptor : returnValue【null】
2018-12-25 10:15:30.820 -  INFO -536360[qtp422392391-21] TestInterceptor : controllerKey【/testController】
2018-12-25 10:15:30.821 -  INFO -536361[qtp422392391-21] TestInterceptor : actionKey【/testController】
2018-12-25 10:15:30.822 -  INFO -536362[qtp422392391-21] TestInterceptor : args【{}】
2018-12-25 10:15:30.824 -  INFO -536364[qtp422392391-21] TestInterceptor : viewPath【/WEB-INF/test/】
2018-12-25 10:15:30.824 -  INFO -536364[qtp422392391-21] TestInterceptor : returnValue【null】
2018-12-25 10:18:51.513 -  INFO -737053[qtp422392391-16] TestInterceptor : controllerKey【/testController】
2018-12-25 10:18:51.513 -  INFO -737053[qtp422392391-16] TestInterceptor : actionKey【/testController】
2018-12-25 10:18:51.514 -  INFO -737054[qtp422392391-16] TestInterceptor : args【{}】
2018-12-25 10:18:51.514 -  INFO -737054[qtp422392391-16] TestInterceptor : viewPath【/WEB-INF/test/】
2018-12-25 10:18:51.514 -  INFO -737054[qtp422392391-16] TestInterceptor : returnValue【null】
2018-12-25 10:19:21.999 -  INFO -767539[qtp422392391-25] TestInterceptor : controllerKey【/testController】
2018-12-25 10:19:22.000 -  INFO -767540[qtp422392391-25] TestInterceptor : actionKey【/testController】
2018-12-25 10:19:22.000 -  INFO -767540[qtp422392391-25] TestInterceptor : args【{}】
2018-12-25 10:19:22.000 -  INFO -767540[qtp422392391-25] TestInterceptor : viewPath【/WEB-INF/test/】
2018-12-25 10:19:22.000 -  INFO -767540[qtp422392391-25] TestInterceptor : returnValue【null】
2018-12-25 10:19:35.240 -  INFO -780780[qtp422392391-17] TestInterceptor : controllerKey【/testController】
2018-12-25 10:19:35.240 -  INFO -780780[qtp422392391-17] TestInterceptor : actionKey【/testController】
2018-12-25 10:19:35.241 -  INFO -780781[qtp422392391-17] TestInterceptor : args【{}】
2018-12-25 10:19:35.241 -  INFO -780781[qtp422392391-17] TestInterceptor : viewPath【/WEB-INF/test/】
2018-12-25 10:19:35.241 -  INFO -780781[qtp422392391-17] TestInterceptor : returnValue【null】
2018-12-25 10:50:10.827 -  INFO -     0[           main]   Log : Logging initialized @560ms to org.eclipse.jetty.util.log.Slf4jLog
2018-12-25 10:50:11.249 -  INFO -   422[           main] Server : jetty-9.4.12.v20180830; built: 2018-08-30T13:59:14.071Z; git: 27208684755d94a92186989f695db2d7b21ebc51; jvm 1.8.0_111-b14
2018-12-25 10:50:11.982 -  INFO -  1155[           main] StandardDescriptorProcessor : NO JSP Support for /, did not find org.eclipse.jetty.jsp.JettyJspServlet
2018-12-25 10:50:12.000 -  INFO -  1173[           main] DefaultSessionIdManager : DefaultSessionIdManager workerName=node0
2018-12-25 10:50:12.001 -  INFO -  1174[           main] DefaultSessionIdManager : No SessionScavenger set, using defaults
2018-12-25 10:50:12.007 -  INFO -  1180[           main] HouseKeeper : node0 Scavenging every 660000ms
2018-12-25 10:50:12.134 -  INFO -  1307[           main] JFinalCusConfig : base upload path:【C:\Users\lenovo/nengli8_file/tmp/】
2018-12-25 10:50:12.140 -  INFO -  1313[           main] JFinalCusConfig : JFinal设置路由配置
2018-12-25 10:50:12.156 -  INFO -  1329[           main] JFinalCusConfig : JFinal设置拦截器
2018-12-25 10:50:12.460 -  INFO -  1633[           main] ContextHandler : Started o.e.j.w.WebAppContext@69f1a286{/,file:///D:/repository/other/web-jfinal-product/web-jfinal-product/src/main/webapp/,AVAILABLE}
2018-12-25 10:50:12.520 -  INFO -  1693[           main] AbstractConnector : Started ServerConnector@15713d56{HTTP/1.1,[http/1.1]}{0.0.0.0:8080}
2018-12-25 10:50:12.521 -  INFO -  1694[           main] Server : Started @2258ms
2018-12-25 10:50:15.854 -  INFO -  5027[qtp422392391-22] TestInterceptor : controllerKey【/testController】
2018-12-25 10:50:15.855 -  INFO -  5028[qtp422392391-22] TestInterceptor : actionKey【/testController】
2018-12-25 10:50:15.858 -  INFO -  5031[qtp422392391-22] TestInterceptor : args【{}】
2018-12-25 10:50:15.859 -  INFO -  5032[qtp422392391-22] TestInterceptor : viewPath【/WEB-INF/test/】
2018-12-25 10:50:15.861 -  INFO -  5034[qtp422392391-22] TestInterceptor : returnValue【null】
2018-12-25 10:50:49.489 -  INFO - 38662[qtp422392391-15] TestInterceptor : controllerKey【/testController】
2018-12-25 10:50:49.489 -  INFO - 38662[qtp422392391-15] TestInterceptor : actionKey【/testController】
2018-12-25 10:50:49.489 -  INFO - 38662[qtp422392391-15] TestInterceptor : args【{}】
2018-12-25 10:50:49.490 -  INFO - 38663[qtp422392391-15] TestInterceptor : viewPath【/WEB-INF/test/】
2018-12-25 10:50:49.490 -  INFO - 38663[qtp422392391-15] TestInterceptor : returnValue【null】
2018-12-25 10:51:57.022 -  INFO -106195[qtp422392391-20] TestInterceptor : controllerKey【/testController】
2018-12-25 10:51:57.022 -  INFO -106195[qtp422392391-20] TestInterceptor : actionKey【/testController】
2018-12-25 10:51:57.023 -  INFO -106196[qtp422392391-20] TestInterceptor : args【{}】
2018-12-25 10:51:57.023 -  INFO -106196[qtp422392391-20] TestInterceptor : viewPath【/WEB-INF/test/】
2018-12-25 10:51:57.023 -  INFO -106196[qtp422392391-20] TestInterceptor : returnValue【null】
2018-12-25 10:52:14.451 -  INFO -123624[qtp422392391-17] TestInterceptor : controllerKey【/testController】
2018-12-25 10:52:14.452 -  INFO -123625[qtp422392391-17] TestInterceptor : actionKey【/testController】
2018-12-25 10:52:14.452 -  INFO -123625[qtp422392391-17] TestInterceptor : args【{}】
2018-12-25 10:52:14.453 -  INFO -123626[qtp422392391-17] TestInterceptor : viewPath【/WEB-INF/test/】
2018-12-25 10:52:14.453 -  INFO -123626[qtp422392391-17] TestInterceptor : returnValue【null】
2018-12-25 10:57:22.623 -  INFO -431796[qtp422392391-16] TestInterceptor : controllerKey【/testController】
2018-12-25 10:57:22.624 -  INFO -431797[qtp422392391-16] TestInterceptor : actionKey【/testController】
2018-12-25 10:57:22.625 -  INFO -431798[qtp422392391-16] TestInterceptor : args【{}】
2018-12-25 10:57:22.626 -  INFO -431799[qtp422392391-16] TestInterceptor : viewPath【/WEB-INF/test/】
2018-12-25 10:57:22.627 -  INFO -431800[qtp422392391-16] TestInterceptor : returnValue【null】
2018-12-25 10:57:38.795 -  INFO -447968[qtp422392391-15] TestInterceptor : controllerKey【/testController】
2018-12-25 10:57:38.796 -  INFO -447969[qtp422392391-15] TestInterceptor : actionKey【/testController】
2018-12-25 10:57:38.796 -  INFO -447969[qtp422392391-15] TestInterceptor : args【{}】
2018-12-25 10:57:38.797 -  INFO -447970[qtp422392391-15] TestInterceptor : viewPath【/WEB-INF/test/】
2018-12-25 10:57:38.797 -  INFO -447970[qtp422392391-15] TestInterceptor : returnValue【null】
2018-12-25 10:57:48.885 -  INFO -458058[qtp422392391-22] TestInterceptor : controllerKey【/testController】
2018-12-25 10:57:48.886 -  INFO -458059[qtp422392391-22] TestInterceptor : actionKey【/testController】
2018-12-25 10:57:48.886 -  INFO -458059[qtp422392391-22] TestInterceptor : args【{}】
2018-12-25 10:57:48.887 -  INFO -458060[qtp422392391-22] TestInterceptor : viewPath【/WEB-INF/test/】
2018-12-25 10:57:48.887 -  INFO -458060[qtp422392391-22] TestInterceptor : returnValue【null】
2018-12-25 12:47:12.208 -  INFO -     0[           main]   Log : Logging initialized @800ms to org.eclipse.jetty.util.log.Slf4jLog
2018-12-25 12:47:12.647 -  INFO -   439[           main] Server : jetty-9.4.12.v20180830; built: 2018-08-30T13:59:14.071Z; git: 27208684755d94a92186989f695db2d7b21ebc51; jvm 1.8.0_111-b14
2018-12-25 12:47:13.180 -  INFO -   972[           main] StandardDescriptorProcessor : NO JSP Support for /, did not find org.eclipse.jetty.jsp.JettyJspServlet
2018-12-25 12:47:13.192 -  INFO -   984[           main] DefaultSessionIdManager : DefaultSessionIdManager workerName=node0
2018-12-25 12:47:13.192 -  INFO -   984[           main] DefaultSessionIdManager : No SessionScavenger set, using defaults
2018-12-25 12:47:13.198 -  INFO -   990[           main] HouseKeeper : node0 Scavenging every 600000ms
2018-12-25 12:47:13.293 -  INFO -  1085[           main] JFinalCusConfig : base upload path:【C:\Users\lenovo/nengli8_file/tmp/】
2018-12-25 12:47:13.296 -  INFO -  1088[           main] JFinalCusConfig : JFinal设置路由配置
2018-12-25 12:47:13.316 -  INFO -  1108[           main] JFinalCusConfig : JFinal设置拦截器
2018-12-25 12:47:13.516 -  INFO -  1308[           main] ContextHandler : Started o.e.j.w.WebAppContext@457c9034{/,file:///D:/repository/other/web-jfinal-product/web-jfinal-product/src/main/webapp/,AVAILABLE}
2018-12-25 12:47:13.553 -  INFO -  1345[           main] AbstractConnector : Started ServerConnector@26ceffa8{HTTP/1.1,[http/1.1]}{0.0.0.0:8080}
2018-12-25 12:47:13.553 -  INFO -  1345[           main] Server : Started @2151ms
2018-12-25 12:47:26.539 -  INFO - 14331[qtp422392391-22] TestInterceptor : controllerKey【/testController】
2018-12-25 12:47:26.540 -  INFO - 14332[qtp422392391-22] TestInterceptor : actionKey【/testController】
2018-12-25 12:47:26.541 -  INFO - 14333[qtp422392391-22] TestInterceptor : args【{}】
2018-12-25 12:47:26.541 -  INFO - 14333[qtp422392391-22] TestInterceptor : viewPath【/WEB-INF/test/】
2018-12-25 12:47:26.548 -  INFO - 14340[qtp422392391-22] TestInterceptor : returnValue【null】
2018-12-25 12:47:58.296 -  INFO - 46088[qtp422392391-18] TestInterceptor : controllerKey【/testController】
2018-12-25 12:47:58.297 -  INFO - 46089[qtp422392391-18] TestInterceptor : actionKey【/testController】
2018-12-25 12:47:58.297 -  INFO - 46089[qtp422392391-18] TestInterceptor : args【{}】
2018-12-25 12:47:58.298 -  INFO - 46090[qtp422392391-18] TestInterceptor : viewPath【/WEB-INF/test/】
2018-12-25 12:47:58.298 -  INFO - 46090[qtp422392391-18] TestInterceptor : returnValue【null】
2018-12-25 12:48:51.505 -  INFO - 99297[qtp422392391-18] TestInterceptor : controllerKey【/testController】
2018-12-25 12:48:51.506 -  INFO - 99298[qtp422392391-18] TestInterceptor : actionKey【/testController】
2018-12-25 12:48:51.506 -  INFO - 99298[qtp422392391-18] TestInterceptor : args【{}】
2018-12-25 12:48:51.506 -  INFO - 99298[qtp422392391-18] TestInterceptor : viewPath【/WEB-INF/test/】
2018-12-25 12:48:51.507 -  INFO - 99299[qtp422392391-18] TestInterceptor : returnValue【null】
2018-12-25 12:49:34.626 -  INFO -142418[qtp422392391-21] TestInterceptor : controllerKey【/testController】
2018-12-25 12:49:34.626 -  INFO -142418[qtp422392391-21] TestInterceptor : actionKey【/testController】
2018-12-25 12:49:34.627 -  INFO -142419[qtp422392391-21] TestInterceptor : args【{}】
2018-12-25 12:49:34.627 -  INFO -142419[qtp422392391-21] TestInterceptor : viewPath【/WEB-INF/test/】
2018-12-25 12:49:34.628 -  INFO -142420[qtp422392391-21] TestInterceptor : returnValue【null】
2018-12-25 12:55:17.493 -  INFO -485285[qtp422392391-18] TestInterceptor : controllerKey【/testController】
2018-12-25 12:55:17.493 -  INFO -485285[qtp422392391-18] TestInterceptor : actionKey【/testController】
2018-12-25 12:55:17.494 -  INFO -485286[qtp422392391-18] TestInterceptor : args【{}】
2018-12-25 12:55:17.494 -  INFO -485286[qtp422392391-18] TestInterceptor : viewPath【/WEB-INF/test/】
2018-12-25 12:55:17.494 -  INFO -485286[qtp422392391-18] TestInterceptor : returnValue【null】
2018-12-25 15:02:59.351 -  INFO -8147143[qtp422392391-21] TestInterceptor : controllerKey【/testController】
2018-12-25 15:02:59.355 -  INFO -8147147[qtp422392391-21] TestInterceptor : actionKey【/testController】
2018-12-25 15:02:59.356 -  INFO -8147148[qtp422392391-21] TestInterceptor : args【{}】
2018-12-25 15:02:59.357 -  INFO -8147149[qtp422392391-21] TestInterceptor : viewPath【/WEB-INF/test/】
2018-12-25 15:02:59.357 -  INFO -8147149[qtp422392391-21] TestInterceptor : returnValue【null】
2018-12-25 15:03:20.223 -  INFO -8168015[qtp422392391-15] TestInterceptor : controllerKey【/testController】
2018-12-25 15:03:20.224 -  INFO -8168016[qtp422392391-15] TestInterceptor : actionKey【/testController】
2018-12-25 15:03:20.224 -  INFO -8168016[qtp422392391-15] TestInterceptor : args【{}】
2018-12-25 15:03:20.225 -  INFO -8168017[qtp422392391-15] TestInterceptor : viewPath【/WEB-INF/test/】
2018-12-25 15:03:20.225 -  INFO -8168017[qtp422392391-15] TestInterceptor : returnValue【null】
2018-12-25 15:05:45.253 -  INFO -8313045[qtp422392391-18] TestInterceptor : controllerKey【/testController】
2018-12-25 15:05:45.254 -  INFO -8313046[qtp422392391-18] TestInterceptor : actionKey【/testController】
2018-12-25 15:05:45.255 -  INFO -8313047[qtp422392391-18] TestInterceptor : args【{}】
2018-12-25 15:05:45.255 -  INFO -8313047[qtp422392391-18] TestInterceptor : viewPath【/WEB-INF/test/】
2018-12-25 15:05:45.255 -  INFO -8313047[qtp422392391-18] TestInterceptor : returnValue【null】
2018-12-25 15:08:08.117 -  INFO -8455909[qtp422392391-22] TestInterceptor : controllerKey【/testController】
2018-12-25 15:08:08.118 -  INFO -8455910[qtp422392391-22] TestInterceptor : actionKey【/testController】
2018-12-25 15:08:08.118 -  INFO -8455910[qtp422392391-22] TestInterceptor : args【{}】
2018-12-25 15:08:08.118 -  INFO -8455910[qtp422392391-22] TestInterceptor : viewPath【/WEB-INF/test/】
2018-12-25 15:08:08.119 -  INFO -8455911[qtp422392391-22] TestInterceptor : returnValue【null】
2018-12-25 15:08:27.789 -  INFO -8475581[qtp422392391-19] TestInterceptor : controllerKey【/testController】
2018-12-25 15:08:27.789 -  INFO -8475581[qtp422392391-19] TestInterceptor : actionKey【/testController】
2018-12-25 15:08:27.790 -  INFO -8475582[qtp422392391-19] TestInterceptor : args【{}】
2018-12-25 15:08:27.790 -  INFO -8475582[qtp422392391-19] TestInterceptor : viewPath【/WEB-INF/test/】
2018-12-25 15:08:27.790 -  INFO -8475582[qtp422392391-19] TestInterceptor : returnValue【null】
